# JRE version: OpenJDK Runtime Environment Microsoft-8035246 (17.0.8+7) (build 17.0.8+7-LTS)
# Java VM: OpenJDK 64-Bit Server VM Microsoft-8035246 (17.0.8+7-LTS, mixed mode, sharing, tiered, compressed oops, compressed class ptrs, g1 gc, windows-amd64)
GC Precious Log:
 CPUs: 8 total, 8 available
 Memory: 11830M
 Large Page Support: Disabled
 NUMA Support: Disabled
 Compressed Oops: Enabled (32-bit)
 Heap Region Size: 1M
 Heap Min Capacity: 8M
 Heap Initial Capacity: 186M
 Heap Max Capacity: 2G
 Pre-touch: Disabled
 Parallel Workers: 8
 Concurrent Workers: 2
 Concurrent Refinement Workers: 8
 Periodic GC: Disabled
Heap:
 garbage-first heap   total 204800K, used 151631K [0x0000000080000000, 0x0000000100000000)
  region size 1024K, 22 young (22528K), 2 survivors (2048K)
 Metaspace       used 103304K, committed 104192K, reserved 557056K
  class space    used 14040K, committed 14464K, reserved 425984K
GC Heap History (20 events):
Event: 29.499 GC heap before
{Heap before GC invocations=55 (full 0):
 garbage-first heap   total 169984K, used 139485K [0x0000000080000000, 0x0000000100000000)
  region size 1024K, 36 young (36864K), 4 survivors (4096K)
 Metaspace       used 97040K, committed 97920K, reserved 557056K
  class space    used 13461K, committed 13888K, reserved 425984K
}
Event: 29.507 GC heap after
{Heap after GC invocations=56 (full 0):
 garbage-first heap   total 169984K, used 111747K [0x0000000080000000, 0x0000000100000000)
  region size 1024K, 4 young (4096K), 4 survivors (4096K)
 Metaspace       used 97040K, committed 97920K, reserved 557056K
  class space    used 13461K, committed 13888K, reserved 425984K
}
Event: 29.757 GC heap before
{Heap before GC invocations=56 (full 0):
 garbage-first heap   total 169984K, used 140419K [0x0000000080000000, 0x0000000100000000)
  region size 1024K, 33 young (33792K), 4 survivors (4096K)
 Metaspace       used 97139K, committed 97984K, reserved 557056K
  class space    used 13461K, committed 13888K, reserved 425984K
}
Event: 29.761 GC heap after
{Heap after GC invocations=57 (full 0):
 garbage-first heap   total 169984K, used 113792K [0x0000000080000000, 0x0000000100000000)
  region size 1024K, 2 young (2048K), 2 survivors (2048K)
 Metaspace       used 97139K, committed 97984K, reserved 557056K
  class space    used 13461K, committed 13888K, reserved 425984K
}
Event: 30.158 GC heap before
{Heap before GC invocations=57 (full 0):
 garbage-first heap   total 169984K, used 142464K [0x0000000080000000, 0x0000000100000000)
  region size 1024K, 31 young (31744K), 2 survivors (2048K)
 Metaspace       used 97173K, committed 97984K, reserved 557056K
  class space    used 13462K, committed 13888K, reserved 425984K
}
Event: 30.162 GC heap after
{Heap after GC invocations=58 (full 0):
 garbage-first heap   total 169984K, used 114870K [0x0000000080000000, 0x0000000100000000)
  region size 1024K, 4 young (4096K), 4 survivors (4096K)
 Metaspace       used 97173K, committed 97984K, reserved 557056K
  class space    used 13462K, committed 13888K, reserved 425984K
}
Event: 30.486 GC heap before
{Heap before GC invocations=58 (full 0):
 garbage-first heap   total 169984K, used 141494K [0x0000000080000000, 0x0000000100000000)
  region size 1024K, 26 young (26624K), 4 survivors (4096K)
 Metaspace       used 97220K, committed 98112K, reserved 557056K
  class space    used 13464K, committed 13888K, reserved 425984K
}
Event: 30.491 GC heap after
{Heap after GC invocations=59 (full 0):
 garbage-first heap   total 169984K, used 119429K [0x0000000080000000, 0x0000000100000000)
  region size 1024K, 4 young (4096K), 4 survivors (4096K)
 Metaspace       used 97220K, committed 98112K, reserved 557056K
  class space    used 13464K, committed 13888K, reserved 425984K
}
Event: 30.727 GC heap before
{Heap before GC invocations=59 (full 0):
 garbage-first heap   total 169984K, used 150149K [0x0000000080000000, 0x0000000100000000)
  region size 1024K, 29 young (29696K), 4 survivors (4096K)
 Metaspace       used 97328K, committed 98176K, reserved 557056K
  class space    used 13466K, committed 13888K, reserved 425984K
}
Event: 30.734 GC heap after
{Heap after GC invocations=60 (full 0):
 garbage-first heap   total 204800K, used 119765K [0x0000000080000000, 0x0000000100000000)
  region size 1024K, 3 young (3072K), 3 survivors (3072K)
 Metaspace       used 97328K, committed 98176K, reserved 557056K
  class space    used 13466K, committed 13888K, reserved 425984K
}
Event: 31.187 GC heap before
{Heap before GC invocations=60 (full 0):
 garbage-first heap   total 204800K, used 182229K [0x0000000080000000, 0x0000000100000000)
  region size 1024K, 52 young (53248K), 3 survivors (3072K)
 Metaspace       used 97558K, committed 98368K, reserved 557056K
  class space    used 13484K, committed 13888K, reserved 425984K
}
Event: 31.194 GC heap after
{Heap after GC invocations=61 (full 0):
 garbage-first heap   total 204800K, used 125374K [0x0000000080000000, 0x0000000100000000)
  region size 1024K, 6 young (6144K), 6 survivors (6144K)
 Metaspace       used 97558K, committed 98368K, reserved 557056K
  class space    used 13484K, committed 13888K, reserved 425984K
}
Event: 31.505 GC heap before
{Heap before GC invocations=61 (full 0):
 garbage-first heap   total 204800K, used 176574K [0x0000000080000000, 0x0000000100000000)
  region size 1024K, 51 young (52224K), 6 survivors (6144K)
 Metaspace       used 97703K, committed 98496K, reserved 557056K
  class space    used 13496K, committed 13888K, reserved 425984K
}
Event: 31.514 GC heap after
{Heap after GC invocations=62 (full 0):
 garbage-first heap   total 204800K, used 126554K [0x0000000080000000, 0x0000000100000000)
  region size 1024K, 4 young (4096K), 4 survivors (4096K)
 Metaspace       used 97703K, committed 98496K, reserved 557056K
  class space    used 13496K, committed 13888K, reserved 425984K
}
Event: 31.842 GC heap before
{Heap before GC invocations=62 (full 0):
 garbage-first heap   total 204800K, used 174682K [0x0000000080000000, 0x0000000100000000)
  region size 1024K, 48 young (49152K), 4 survivors (4096K)
 Metaspace       used 97738K, committed 98560K, reserved 557056K
  class space    used 13498K, committed 13888K, reserved 425984K
}
Event: 31.849 GC heap after
{Heap after GC invocations=63 (full 0):
 garbage-first heap   total 204800K, used 128580K [0x0000000080000000, 0x0000000100000000)
  region size 1024K, 6 young (6144K), 6 survivors (6144K)
 Metaspace       used 97738K, committed 98560K, reserved 557056K
  class space    used 13498K, committed 13888K, reserved 425984K
}
Event: 33.396 GC heap before
{Heap before GC invocations=63 (full 0):
 garbage-first heap   total 204800K, used 175684K [0x0000000080000000, 0x0000000100000000)
  region size 1024K, 49 young (50176K), 6 survivors (6144K)
 Metaspace       used 98912K, committed 99776K, reserved 557056K
  class space    used 13659K, committed 14080K, reserved 425984K
}
Event: 33.403 GC heap after
{Heap after GC invocations=64 (full 0):
 garbage-first heap   total 204800K, used 132251K [0x0000000080000000, 0x0000000100000000)
  region size 1024K, 6 young (6144K), 6 survivors (6144K)
 Metaspace       used 98912K, committed 99776K, reserved 557056K
  class space    used 13659K, committed 14080K, reserved 425984K
}
Event: 150.656 GC heap before
{Heap before GC invocations=64 (full 0):
 garbage-first heap   total 204800K, used 173211K [0x0000000080000000, 0x0000000100000000)
  region size 1024K, 47 young (48128K), 6 survivors (6144K)
 Metaspace       used 103039K, committed 103936K, reserved 557056K
  class space    used 14024K, committed 14464K, reserved 425984K
}
Event: 150.661 GC heap after
{Heap after GC invocations=65 (full 0):
 garbage-first heap   total 204800K, used 132175K [0x0000000080000000, 0x0000000100000000)
  region size 1024K, 2 young (2048K), 2 survivors (2048K)
 Metaspace       used 103039K, committed 103936K, reserved 557056K
  class space    used 14024K, committed 14464K, reserved 425984K
}

